16/06/26 00:00 – Ingreso de paquete de cliente fvvf
16/06/26 00:08 – Ingreso de paquete de cliente ddd
16/06/26 08:14 – Ingreso de cliente asdfg
16/06/26 08:14 – Modificación de cliente fvvf
16/06/26 08:15 – Modificación de cliente fvvf
16/06/26 08:16 – Modificación de cliente asdfg
16/06/26 08:17 – Ingreso de funcionario yy
16/06/26 08:17 – Modificación de funcionario yy
16/06/26 08:21 – Modificación de tarifas
16/06/26 08:23 – Modificación de tarifas
16/06/26 08:24 – Modificación de cliente dddeeee
16/06/26 08:25 – Ingreso de cliente dfg
16/06/26 08:25 – Ingreso de funcionario dfgooo
16/06/26 08:55 – Ingreso de cliente drtyh
16/06/26 08:55 – Ingreso de cliente dfg
16/06/26 09:00 – Ingreso de cliente sdfg
16/06/26 09:01 – Ingreso de cliente sdfg
16/06/26 09:01 – Ingreso de cliente sdfg
16/06/26 09:04 – Ingreso de cliente dfrty
16/06/26 09:05 – Modificación de cliente dfrty
16/06/26 09:05 – Ingreso de cliente sdfg
16/06/26 09:14 – Ingreso de funcionario dnn
16/06/26 09:15 – Ingreso de funcionario dndd
16/06/26 10:16 – Ingreso de funcionario df
